<?xml version="1.0" encoding="UTF-8"?>
<!-- Generated by org.testng.reporters.JUnitReportReporter -->
<testsuite hostname="DESKTOP-AV5IUUE" failures="0" tests="1" name="test.Demobtntest" time="1.466" errors="0" timestamp="2023-07-24T20:52:25 IST" skipped="0">
  <testcase classname="test.Demobtntest" name="testing" time="1.466"/>
</testsuite> <!-- test.Demobtntest -->
