<?xml version="1.0" encoding="UTF-8"?>
<!-- Generated by org.testng.reporters.JUnitReportReporter -->
<testsuite hostname="DESKTOP-AV5IUUE" failures="0" tests="1" name="test.Ebaytest" time="33.038" errors="0" timestamp="2023-10-11T17:35:44 IST" skipped="0">
  <testcase classname="test.Ebaytest" name="Ebay" time="33.038"/>
</testsuite> <!-- test.Ebaytest -->
