<?xml version="1.0" encoding="UTF-8"?>
<!-- Generated by org.testng.reporters.JUnitReportReporter -->
<testsuite hostname="DESKTOP-AV5IUUE" failures="0" tests="1" name="test.Ebaytest" time="34.719" errors="0" timestamp="2023-09-15T13:31:28 IST" skipped="0">
  <testcase classname="test.Ebaytest" name="test1" time="34.719"/>
</testsuite> <!-- test.Ebaytest -->
