<?xml version="1.0" encoding="UTF-8"?>
<!-- Generated by org.testng.reporters.JUnitReportReporter -->
<testsuite hostname="DESKTOP-AV5IUUE" failures="0" tests="1" name="test.Ebaytest" time="14.413" errors="0" timestamp="2023-10-11T11:55:55 IST" skipped="0">
  <testcase classname="test.Ebaytest" name="Ebay" time="14.413"/>
</testsuite> <!-- test.Ebaytest -->
