<?xml version="1.0" encoding="UTF-8"?>
<!-- Generated by org.testng.reporters.JUnitReportReporter -->
<testsuite hostname="DESKTOP-AV5IUUE" failures="0" tests="1" name="test.Fbsearchtest" time="1.101" errors="0" timestamp="2023-08-23T21:36:50 IST" skipped="0">
  <testcase classname="test.Fbsearchtest" name="logintest" time="1.101"/>
</testsuite> <!-- test.Fbsearchtest -->
