<?xml version="1.0" encoding="UTF-8"?>
<!-- Generated by org.testng.reporters.JUnitReportReporter -->
<testsuite hostname="DESKTOP-AV5IUUE" failures="0" tests="1" name="test.Ebaytest" time="9.929" errors="0" timestamp="2023-10-12T13:00:25 IST" skipped="0">
  <testcase classname="test.Ebaytest" name="Ebay" time="9.929"/>
</testsuite> <!-- test.Ebaytest -->
