<?xml version="1.0" encoding="UTF-8"?>
<!-- Generated by org.testng.reporters.JUnitReportReporter -->
<testsuite hostname="DESKTOP-AV5IUUE" failures="0" tests="1" name="test.Ebaytest" time="25.517" errors="0" timestamp="2023-09-15T12:28:18 IST" skipped="0">
  <testcase classname="test.Ebaytest" name="test1" time="25.517"/>
</testsuite> <!-- test.Ebaytest -->
