<?xml version="1.0" encoding="UTF-8"?>
<!-- Generated by org.testng.reporters.JUnitReportReporter -->
<testsuite hostname="DESKTOP-AV5IUUE" failures="0" tests="1" name="test.Ebaytest" time="34.324" errors="0" timestamp="2023-10-11T13:18:30 IST" skipped="0">
  <testcase classname="test.Ebaytest" name="Ebay" time="34.324"/>
</testsuite> <!-- test.Ebaytest -->
