<?xml version="1.0" encoding="UTF-8"?>
<!-- Generated by org.testng.reporters.JUnitReportReporter -->
<testsuite hostname="DESKTOP-AV5IUUE" failures="0" tests="1" name="test.Fbsearchtest" time="5.684" errors="0" timestamp="2023-07-24T17:37:45 IST" skipped="0">
  <testcase classname="test.Fbsearchtest" name="logintest" time="5.684"/>
</testsuite> <!-- test.Fbsearchtest -->
