<?xml version="1.0" encoding="UTF-8"?>
<!-- Generated by org.testng.reporters.JUnitReportReporter -->
<testsuite hostname="DESKTOP-AV5IUUE" failures="0" tests="1" name="test.Ebaytest" time="39.560" errors="0" timestamp="2023-10-09T15:48:46 IST" skipped="0">
  <testcase classname="test.Ebaytest" name="Ebay" time="39.560"/>
</testsuite> <!-- test.Ebaytest -->
