<?xml version="1.0" encoding="UTF-8"?>
<!-- Generated by org.testng.reporters.JUnitReportReporter -->
<testsuite hostname="DESKTOP-AV5IUUE" failures="0" tests="1" name="test.Demodroptest" time="0.939" errors="0" timestamp="2023-07-24T21:06:14 IST" skipped="0">
  <testcase classname="test.Demodroptest" name="drop" time="0.939"/>
</testsuite> <!-- test.Demodroptest -->
