<?xml version="1.0" encoding="UTF-8"?>
<!-- Generated by org.testng.reporters.JUnitReportReporter -->
<testsuite hostname="DESKTOP-AV5IUUE" failures="0" tests="1" name="test.Ebaytest" time="129.481" errors="0" timestamp="2023-09-19T12:01:29 IST" skipped="0">
  <testcase classname="test.Ebaytest" name="test1" time="129.481"/>
</testsuite> <!-- test.Ebaytest -->
