<?xml version="1.0" encoding="UTF-8"?>
<!-- Generated by org.testng.reporters.JUnitReportReporter -->
<testsuite hostname="DESKTOP-AV5IUUE" failures="0" tests="1" name="test.Iterademotest" time="8.989" errors="0" timestamp="2023-07-26T12:57:25 IST" skipped="0">
  <testcase classname="test.Iterademotest" name="demodatadrive" time="8.989"/>
</testsuite> <!-- test.Iterademotest -->
