<?xml version="1.0" encoding="UTF-8"?>
<!-- Generated by org.testng.reporters.JUnitReportReporter -->
<testsuite hostname="DESKTOP-AV5IUUE" failures="0" tests="1" name="test.Demoboxtest" time="1.485" errors="0" timestamp="2023-07-24T21:21:58 IST" skipped="0">
  <testcase classname="test.Demoboxtest" name="boxtest" time="1.485"/>
</testsuite> <!-- test.Demoboxtest -->
