<?xml version="1.0" encoding="UTF-8"?>
<!-- Generated by org.testng.reporters.JUnitReportReporter -->
<testsuite hostname="DESKTOP-AV5IUUE" failures="0" tests="1" name="test.Demotexttest" time="1.045" errors="0" timestamp="2023-07-24T20:37:05 IST" skipped="0">
  <testcase classname="test.Demotexttest" name="test" time="1.045"/>
</testsuite> <!-- test.Demotexttest -->
